<?xml version="1.0" encoding="UTF-8"?>
<testng-results ignored="0" total="1" passed="1" failed="0" skipped="0">
  <reporter-output>
  </reporter-output>
  <suite started-at="2024-09-29T15:50:47 IST" name="LogOutSuite" finished-at="2024-09-29T15:51:08 IST" duration-ms="20967">
    <groups>
    </groups>
    <test started-at="2024-09-29T15:50:47 IST" name="TC_004" finished-at="2024-09-29T15:51:08 IST" duration-ms="20967">
      <class name="com.shoppersstack.testcases.LogOutTest">
        <test-method is-config="true" signature="setUp()[pri:0, instance:com.shoppersstack.testcases.LogOutTest@327514f]" started-at="2024-09-29T15:50:47 IST" name="setUp" finished-at="2024-09-29T15:50:50 IST" duration-ms="3152" status="PASS">
          <reporter-output>
          </reporter-output>
        </test-method> <!-- setUp -->
        <test-method signature="testLogOut()[pri:0, instance:com.shoppersstack.testcases.LogOutTest@327514f]" started-at="2024-09-29T15:50:50 IST" name="testLogOut" finished-at="2024-09-29T15:51:07 IST" duration-ms="17093" status="PASS">
          <reporter-output>
          </reporter-output>
        </test-method> <!-- testLogOut -->
        <test-method is-config="true" signature="tearDown()[pri:0, instance:com.shoppersstack.testcases.LogOutTest@327514f]" started-at="2024-09-29T15:51:07 IST" name="tearDown" finished-at="2024-09-29T15:51:08 IST" duration-ms="595" status="PASS">
          <reporter-output>
          </reporter-output>
        </test-method> <!-- tearDown -->
      </class> <!-- com.shoppersstack.testcases.LogOutTest -->
    </test> <!-- TC_004 -->
  </suite> <!-- LogOutSuite -->
</testng-results>
